<?xml version="1.0" encoding="UTF-8"?>
<!-- Generated by org.testng.reporters.JUnitReportReporter -->
<testsuite hostname="Sweety" failures="0" tests="5" name="com.spicejet.tests.LoginJet" time="1664.470" errors="0" timestamp="2023-09-10T13:55:27 IST" skipped="0">
  <testcase classname="com.spicejet.tests.LoginJet" name="SpiceJetLoginTestCases" time="98.096"/>
  <system-out/>
  <testcase classname="com.spicejet.tests.LoginJet" name="SpiceJetInvalidLoginTestCase" time="68.087"/>
  <system-out/>
  <testcase classname="com.spicejet.tests.LoginJet" name="Roundtrip" time="753.065"/>
  <system-out/>
  <testcase classname="com.spicejet.tests.LoginJet" name="OnewayFlight" time="630.112"/>
  <system-out/>
  <testcase classname="com.spicejet.tests.LoginJet" name="flightStatus" time="115.110"/>
  <system-out/>
</testsuite> <!-- com.spicejet.tests.LoginJet -->
